<?xml version="1.0" encoding="UTF-8"?>
<!-- Generated by org.testng.reporters.JUnitXMLReporter -->
<testsuite ignored="0" hostname="LAPTOP-44QD01BG" failures="0" tests="2" name="Cucumber Tests" time="14.43" errors="0" timestamp="2025-09-29T19:04:21 IST">
  <testcase classname="io.cucumber.testng.AbstractTestNGCucumberTests" name="runScenario" time="9.114"/>
  <testcase classname="io.cucumber.testng.AbstractTestNGCucumberTests" name="runScenario" time="13.76"/>
</testsuite> <!-- Cucumber Tests -->
